[1201/094552.743:ERROR:process_info.cc(632)] range at 0x4e8061e200000000, size 0x13c fully unreadable
[1201/094552.744:ERROR:process_info.cc(632)] range at 0x4e80624400000000, size 0x13c fully unreadable
[1201/094552.744:ERROR:process_info.cc(632)] range at 0x0, size 0x13c fully unreadable
[1201/153446.857:ERROR:process_info.cc(632)] range at 0xf8e861e800000000, size 0x27e fully unreadable
[1201/153446.858:ERROR:process_info.cc(632)] range at 0xf8e8624a00000000, size 0x27e fully unreadable
[1201/153446.858:ERROR:process_info.cc(632)] range at 0x0, size 0x27e fully unreadable
[1201/153531.425:ERROR:process_info.cc(632)] range at 0xdeeb61e800000000, size 0x1c6 fully unreadable
[1201/153531.425:ERROR:process_info.cc(632)] range at 0xdeeb624a00000000, size 0x1c6 fully unreadable
[1201/153531.426:ERROR:process_info.cc(632)] range at 0x0, size 0x1c6 fully unreadable
[1201/153805.670:ERROR:process_info.cc(632)] range at 0x8e9b61e800000000, size 0x2b0 fully unreadable
[1201/153805.670:ERROR:process_info.cc(632)] range at 0x8e9b624a00000000, size 0x2b0 fully unreadable
[1201/153805.670:ERROR:process_info.cc(632)] range at 0x0, size 0x2b0 fully unreadable
[1201/171452.038:ERROR:process_info.cc(632)] range at 0x70e061e400000000, size 0x259 fully unreadable
[1201/171452.038:ERROR:process_info.cc(632)] range at 0x70e0624600000000, size 0x259 fully unreadable
[1201/171452.038:ERROR:process_info.cc(632)] range at 0x0, size 0x259 fully unreadable
[0512/153952.874:ERROR:process_info.cc(329)] VirtualQueryEx: 拒绝访问。 (0x5)
[0512/153952.887:ERROR:process_info.cc(550)] ReadMemoryInfo failed
[0512/153952.891:ERROR:process_reader_win.cc(151)] SuspendThread: 拒绝访问。 (0x5)
[0512/153952.891:ERROR:exception_snapshot_win.cc(88)] thread ID 8632 not found in process
[0512/153952.891:WARNING:crash_report_exception_handler.cc(62)] ProcessSnapshotWin::Initialize failed
[0512/153952.891:ERROR:scoped_process_suspend.cc(40)] NtResumeProcess: 已尝试访问正在退出的过程。 (0xc000010a)
